Android/TUIKit/TUICustomerServicePlugin/tuicustomerserviceplugin/build/intermediates/manifest_merge_blame_file/debug/manifest-merger-blame-debug-report.txt
1<?xml version="1.0" encoding="utf-8"?>
2<manifest xmlns:android="http://schemas.android.com/apk/res/android"
3    package="com.tencent.qcloud.tuikit.tuicustomerserviceplugin" >
4
5    <uses-sdk
6        android:minSdkVersion="19"
6-->src/main/AndroidManifest.xml
7        android:targetSdkVersion="30" />
7-->src/main/AndroidManifest.xml
8
9    <application>
9-->src/main/AndroidManifest.xml:4:5-12:19
10        <activity
10-->src/main/AndroidManifest.xml:5:9-7:52
11            android:name="com.tencent.qcloud.tuikit.tuicustomerserviceplugin.classicui.page.CustomerServiceMemberListActivity"
11-->src/main/AndroidManifest.xml:6:13-127
12            android:screenOrientation="portrait" />
12-->src/main/AndroidManifest.xml:7:13-49
13        <activity
13-->src/main/AndroidManifest.xml:9:9-11:52
14            android:name="com.tencent.qcloud.tuikit.tuicustomerserviceplugin.classicui.page.CustomerServiceProfileActivity"
14-->src/main/AndroidManifest.xml:10:13-124
15            android:screenOrientation="portrait" />
15-->src/main/AndroidManifest.xml:11:13-49
16    </application>
17
18</manifest>